<?xml version="1.0" encoding="UTF-8"?>
<testng-results ignored="0" total="1" passed="1" failed="0" skipped="0">
  <reporter-output>
  </reporter-output>
  <suite started-at="2023-08-01T14:45:38 IST" name="Suite" finished-at="2023-08-01T14:46:07 IST" duration-ms="28515">
    <groups>
    </groups>
    <test started-at="2023-08-01T14:45:38 IST" name="Test" finished-at="2023-08-01T14:46:07 IST" duration-ms="28515">
      <class name="crossbrowserTestNG.TestTestNgCMD">
        <test-method signature="verifyLogin()[pri:0, instance:crossbrowserTestNG.TestTestNgCMD@4738a206]" started-at="2023-08-01T14:45:38 IST" name="verifyLogin" finished-at="2023-08-01T14:46:07 IST" duration-ms="28438" status="PASS">
          <reporter-output>
          </reporter-output>
        </test-method> <!-- verifyLogin -->
      </class> <!-- crossbrowserTestNG.TestTestNgCMD -->
    </test> <!-- Test -->
  </suite> <!-- Suite -->
</testng-results>
