<?xml version="1.0" encoding="UTF-8"?>
<testng-results ignored="0" total="1" passed="1" failed="0" skipped="0">
  <reporter-output>
  </reporter-output>
  <suite started-at="2023-07-28T14:02:26 IST" name="Suite" finished-at="2023-07-28T14:02:50 IST" duration-ms="24498">
    <groups>
    </groups>
    <test started-at="2023-07-28T14:02:26 IST" name="Test" finished-at="2023-07-28T14:02:50 IST" duration-ms="24498">
      <class name="crossbrowserTestNG.TestTestNgCMD">
        <test-method signature="verifyLogin()[pri:0, instance:crossbrowserTestNG.TestTestNgCMD@11392934]" started-at="2023-07-28T14:02:26 IST" name="verifyLogin" finished-at="2023-07-28T14:02:50 IST" duration-ms="24430" status="PASS">
          <reporter-output>
          </reporter-output>
        </test-method> <!-- verifyLogin -->
      </class> <!-- crossbrowserTestNG.TestTestNgCMD -->
    </test> <!-- Test -->
  </suite> <!-- Suite -->
</testng-results>
